<?xml version="1.0" encoding="UTF-8"?>
<coverage generated="1575319233145" clover="3.2.0">
  <project timestamp="1575319233145" name="All files">
    <metrics statements="14" coveredstatements="14" conditionals="4" coveredconditionals="4" methods="4" coveredmethods="4" elements="22" coveredelements="22" complexity="0" loc="14" ncloc="14" packages="1" files="1" classes="1"/>
    <file name="index.js" path="/home/ubuntu/Área de Trabalho/Laboratoria/SAP003-md-links/lib/index.js">
      <metrics statements="14" coveredstatements="14" conditionals="4" coveredconditionals="4" methods="4" coveredmethods="4"/>
      <line num="1" count="1" type="stmt"/>
      <line num="3" count="3" type="stmt"/>
      <line num="4" count="3" type="stmt"/>
      <line num="6" count="3" type="stmt"/>
      <line num="7" count="3" type="cond" truecount="2" falsecount="0"/>
      <line num="8" count="1" type="stmt"/>
      <line num="10" count="2" type="stmt"/>
      <line num="12" count="2" type="cond" truecount="2" falsecount="0"/>
      <line num="13" count="1" type="stmt"/>
      <line num="15" count="1" type="stmt"/>
      <line num="17" count="3" type="stmt"/>
      <line num="18" count="3" type="stmt"/>
      <line num="22" count="1" type="stmt"/>
      <line num="29" count="1" type="stmt"/>
    </file>
  </project>
</coverage>
