{"/home/ubuntu/Área de Trabalho/Laboratoria/SAP003-md-links/lib/index.js": {"path":"/home/ubuntu/Área de Trabalho/Laboratoria/SAP003-md-links/lib/index.js","statementMap":{"0":{"start":{"line":1,"column":16},"end":{"line":35,"column":1}},"1":{"start":{"line":3,"column":16},"end":{"line":3,"column":51}},"2":{"start":{"line":4,"column":13},"end":{"line":4,"column":26}},"3":{"start":{"line":6,"column":2},"end":{"line":34,"column":4}},"4":{"start":{"line":7,"column":4},"end":{"line":9,"column":5}},"5":{"start":{"line":8,"column":6},"end":{"line":8,"column":46}},"6":{"start":{"line":10,"column":4},"end":{"line":33,"column":7}},"7":{"start":{"line":12,"column":6},"end":{"line":31,"column":7}},"8":{"start":{"line":13,"column":8},"end":{"line":13,"column":46}},"9":{"start":{"line":16,"column":21},"end":{"line":16,"column":38}},"10":{"start":{"line":17,"column":8},"end":{"line":27,"column":12}},"11":{"start":{"line":18,"column":10},"end":{"line":18,"column":53}},"12":{"start":{"line":20,"column":10},"end":{"line":27,"column":11}},"13":{"start":{"line":21,"column":30},"end":{"line":21,"column":46}},"14":{"start":{"line":22,"column":12},"end":{"line":24,"column":13}},"15":{"start":{"line":29,"column":8},"end":{"line":29,"column":24}},"16":{"start":{"line":37,"column":0},"end":{"line":37,"column":25}}},"fnMap":{"0":{"name":"(anonymous_0)","decl":{"start":{"line":1,"column":16},"end":{"line":1,"column":17}},"loc":{"start":{"line":1,"column":26},"end":{"line":35,"column":1}},"line":1},"1":{"name":"(anonymous_1)","decl":{"start":{"line":6,"column":21},"end":{"line":6,"column":22}},"loc":{"start":{"line":6,"column":42},"end":{"line":34,"column":3}},"line":6},"2":{"name":"(anonymous_2)","decl":{"start":{"line":10,"column":30},"end":{"line":10,"column":31}},"loc":{"start":{"line":10,"column":45},"end":{"line":33,"column":5}},"line":10},"3":{"name":"(anonymous_3)","decl":{"start":{"line":20,"column":21},"end":{"line":20,"column":22}},"loc":{"start":{"line":20,"column":29},"end":{"line":25,"column":9}},"line":20}},"branchMap":{"0":{"loc":{"start":{"line":7,"column":4},"end":{"line":9,"column":5}},"type":"if","locations":[{"start":{"line":7,"column":4},"end":{"line":9,"column":5}},{"start":{"line":7,"column":4},"end":{"line":9,"column":5}}],"line":7},"1":{"loc":{"start":{"line":12,"column":6},"end":{"line":31,"column":7}},"type":"if","locations":[{"start":{"line":12,"column":6},"end":{"line":31,"column":7}},{"start":{"line":12,"column":6},"end":{"line":31,"column":7}}],"line":12},"2":{"loc":{"start":{"line":17,"column":8},"end":{"line":27,"column":12}},"type":"if","locations":[{"start":{"line":17,"column":8},"end":{"line":27,"column":12}},{"start":{"line":17,"column":8},"end":{"line":27,"column":12}}],"line":17}},"s":{"0":1,"1":4,"2":4,"3":4,"4":4,"5":1,"6":3,"7":3,"8":1,"9":2,"10":2,"11":1,"12":1,"13":5,"14":5,"15":1,"16":1},"f":{"0":4,"1":4,"2":3,"3":5},"b":{"0":[1,3],"1":[1,2],"2":[1,1]},"_coverageSchema":"43e27e138ebf9cfc5966b082cf9a028302ed4184","hash":"5d3ed5b200551efb1b773b47e3dd6dae74d110ca"}
}
