{"/home/ubuntu/Área de Trabalho/Laboratoria/SAP003-md-links/lib/index.js": {"path":"/home/ubuntu/Área de Trabalho/Laboratoria/SAP003-md-links/lib/index.js","statementMap":{"0":{"start":{"line":1,"column":11},"end":{"line":1,"column":24}},"1":{"start":{"line":3,"column":16},"end":{"line":30,"column":1}},"2":{"start":{"line":5,"column":16},"end":{"line":5,"column":47}},"3":{"start":{"line":8,"column":2},"end":{"line":29,"column":5}},"4":{"start":{"line":9,"column":4},"end":{"line":11,"column":5}},"5":{"start":{"line":10,"column":6},"end":{"line":10,"column":46}},"6":{"start":{"line":12,"column":4},"end":{"line":28,"column":7}},"7":{"start":{"line":14,"column":6},"end":{"line":27,"column":7}},"8":{"start":{"line":15,"column":8},"end":{"line":15,"column":46}},"9":{"start":{"line":18,"column":23},"end":{"line":25,"column":12}},"10":{"start":{"line":20,"column":30},"end":{"line":20,"column":46}},"11":{"start":{"line":21,"column":12},"end":{"line":23,"column":14}},"12":{"start":{"line":26,"column":8},"end":{"line":26,"column":23}},"13":{"start":{"line":32,"column":0},"end":{"line":32,"column":25}}},"fnMap":{"0":{"name":"(anonymous_0)","decl":{"start":{"line":3,"column":16},"end":{"line":3,"column":17}},"loc":{"start":{"line":3,"column":26},"end":{"line":30,"column":1}},"line":3},"1":{"name":"(anonymous_1)","decl":{"start":{"line":8,"column":21},"end":{"line":8,"column":22}},"loc":{"start":{"line":8,"column":42},"end":{"line":29,"column":3}},"line":8},"2":{"name":"(anonymous_2)","decl":{"start":{"line":12,"column":30},"end":{"line":12,"column":31}},"loc":{"start":{"line":12,"column":45},"end":{"line":28,"column":5}},"line":12},"3":{"name":"(anonymous_3)","decl":{"start":{"line":19,"column":15},"end":{"line":19,"column":16}},"loc":{"start":{"line":19,"column":23},"end":{"line":25,"column":11}},"line":19}},"branchMap":{"0":{"loc":{"start":{"line":9,"column":4},"end":{"line":11,"column":5}},"type":"if","locations":[{"start":{"line":9,"column":4},"end":{"line":11,"column":5}},{"start":{"line":9,"column":4},"end":{"line":11,"column":5}}],"line":9},"1":{"loc":{"start":{"line":14,"column":6},"end":{"line":27,"column":7}},"type":"if","locations":[{"start":{"line":14,"column":6},"end":{"line":27,"column":7}},{"start":{"line":14,"column":6},"end":{"line":27,"column":7}}],"line":14}},"s":{"0":1,"1":1,"2":3,"3":3,"4":3,"5":1,"6":2,"7":2,"8":1,"9":1,"10":5,"11":5,"12":1,"13":1},"f":{"0":3,"1":3,"2":2,"3":5},"b":{"0":[1,2],"1":[1,1]},"_coverageSchema":"43e27e138ebf9cfc5966b082cf9a028302ed4184","hash":"e0c3e455d0b4b1586cf7109b96a9219b57ad2587"}
}
