TN:
SF:/home/ubuntu/Área de Trabalho/Laboratoria/SAP003-md-links/lib/index.js
FN:1,(anonymous_0)
FN:6,(anonymous_1)
FN:10,(anonymous_2)
FN:20,(anonymous_3)
FNF:4
FNH:4
FNDA:4,(anonymous_0)
FNDA:4,(anonymous_1)
FNDA:3,(anonymous_2)
FNDA:5,(anonymous_3)
DA:1,1
DA:3,4
DA:4,4
DA:6,4
DA:7,4
DA:8,1
DA:10,3
DA:12,3
DA:13,1
DA:16,2
DA:17,2
DA:18,1
DA:20,1
DA:21,5
DA:22,5
DA:29,1
DA:37,1
LF:17
LH:17
BRDA:7,0,0,1
BRDA:7,0,1,3
BRDA:12,1,0,1
BRDA:12,1,1,2
BRDA:17,2,0,1
BRDA:17,2,1,1
BRF:6
BRH:6
end_of_record
